grep: analysis/beamforming/beamformingWithAntennaPattern.py: Permission denied
grep: analysis/beamforming/beamforming_aperture_0_polar_0.0175507969474_26.5.png: Permission denied
grep: analysis/beamforming/beamforming_aperture_0_polar_0.0351015938949_26.5.png: Permission denied
grep: analysis/beamforming/beamforming_aperture_0_polar_0.0526523908423_26.5.png: Permission denied
grep: analysis/beamforming/beamforming_aperture_0_polar_0.0702031877897_26.5.png: Permission denied
grep: analysis/beamforming/beamforming_aperture_0_polar_0.0877539847371_26.5.png: Permission denied
grep: analysis/beamforming/beamforming_aperture_0_polar_0.0897597901026_26.5.png: Permission denied
grep: analysis/beamforming/beamforming_aperture_0_polar_0.0_26.5.png: Permission denied
grep: analysis/beamforming/beamforming_aperture_0_polar_0.0_40.0.png: Permission denied
grep: analysis/beamforming/beamforming_aperture_0_polar_0.105304781685_26.5.png: Permission denied
grep: analysis/beamforming/beamforming_aperture_0_polar_0.122855578632_26.5.png: Permission denied
grep: analysis/beamforming/beamforming_aperture_0_polar_0.140406375579_26.5.png: Permission denied
grep: analysis/beamforming/beamforming_aperture_0_polar_0.157957172527_26.5.png: Permission denied
grep: analysis/beamforming/beamforming_aperture_0_polar_0.175507969474_26.5.png: Permission denied
grep: analysis/beamforming/beamforming_aperture_0_polar_0.179519580205_26.5.png: Permission denied
grep: analysis/beamforming/beamforming_aperture_0_polar_0.193058766422_26.5.png: Permission denied
grep: analysis/beamforming/beamforming_aperture_0_polar_0.210609563369_26.5.png: Permission denied
grep: analysis/beamforming/beamforming_aperture_0_polar_0.228160360317_26.5.png: Permission denied
grep: analysis/beamforming/beamforming_aperture_0_polar_0.245711157264_26.5.png: Permission denied
grep: analysis/beamforming/beamforming_aperture_0_polar_0.263261954211_26.5.png: Permission denied
grep: analysis/beamforming/beamforming_aperture_0_polar_0.269279370308_26.5.png: Permission denied
grep: analysis/beamforming/beamforming_aperture_0_polar_0.280812751159_26.5.png: Permission denied
grep: analysis/beamforming/beamforming_aperture_0_polar_0.298363548106_26.5.png: Permission denied
grep: analysis/beamforming/beamforming_aperture_0_polar_0.315914345054_26.5.png: Permission denied
grep: analysis/beamforming/beamforming_aperture_0_polar_0.333465142001_26.5.png: Permission denied
grep: analysis/beamforming/beamforming_aperture_0_polar_0.349065850399_40.0.png: Permission denied
grep: analysis/beamforming/beamforming_aperture_0_polar_0.351015938949_26.5.png: Permission denied
grep: analysis/beamforming/beamforming_aperture_0_polar_0.35903916041_26.5.png: Permission denied
grep: analysis/beamforming/beamforming_aperture_0_polar_0.368566735896_26.5.png: Permission denied
grep: analysis/beamforming/beamforming_aperture_0_polar_0.386117532843_26.5.png: Permission denied
grep: analysis/beamforming/beamforming_aperture_0_polar_0.403668329791_26.5.png: Permission denied
grep: analysis/beamforming/beamforming_aperture_0_polar_0.421219126738_26.5.png: Permission denied
grep: analysis/beamforming/beamforming_aperture_0_polar_0.438769923686_26.5.png: Permission denied
grep: analysis/beamforming/beamforming_aperture_0_polar_0.448798950513_26.5.png: Permission denied
grep: analysis/beamforming/beamforming_aperture_0_polar_0.456320720633_26.5.png: Permission denied
grep: analysis/beamforming/beamforming_aperture_0_polar_0.473871517581_26.5.png: Permission denied
grep: analysis/beamforming/beamforming_aperture_0_polar_0.491422314528_26.5.png: Permission denied
grep: analysis/beamforming/beamforming_aperture_0_polar_0.508973111475_26.5.png: Permission denied
grep: analysis/beamforming/beamforming_aperture_0_polar_0.526523908423_26.5.png: Permission denied
grep: analysis/beamforming/beamforming_aperture_0_polar_0.538558740615_26.5.png: Permission denied
grep: analysis/beamforming/beamforming_aperture_0_polar_0.54407470537_26.5.png: Permission denied
grep: analysis/beamforming/beamforming_aperture_0_polar_0.561625502318_26.5.png: Permission denied
grep: analysis/beamforming/beamforming_aperture_0_polar_0.579176299265_26.5.png: Permission denied
grep: analysis/beamforming/beamforming_aperture_0_polar_0.596727096213_26.5.png: Permission denied
grep: analysis/beamforming/beamforming_aperture_0_polar_0.61427789316_26.5.png: Permission denied
grep: analysis/beamforming/beamforming_aperture_0_polar_0.628318530718_26.5.png: Permission denied
grep: analysis/beamforming/beamforming_aperture_0_polar_0.631828690107_26.5.png: Permission denied
grep: analysis/beamforming/beamforming_aperture_0_polar_0.649379487055_26.5.png: Permission denied
grep: analysis/beamforming/beamforming_aperture_0_polar_0.666930284002_26.5.png: Permission denied
grep: analysis/beamforming/beamforming_aperture_0_polar_0.68448108095_26.5.png: Permission denied
grep: analysis/beamforming/beamforming_aperture_0_polar_0.698131700798_40.0.png: Permission denied
grep: analysis/beamforming/beamforming_aperture_0_polar_0.702031877897_26.5.png: Permission denied
grep: analysis/beamforming/beamforming_aperture_0_polar_0.718078320821_26.5.png: Permission denied
grep: analysis/beamforming/beamforming_aperture_0_polar_0.719582674845_26.5.png: Permission denied
grep: analysis/beamforming/beamforming_aperture_0_polar_0.737133471792_26.5.png: Permission denied
grep: analysis/beamforming/beamforming_aperture_0_polar_0.754684268739_26.5.png: Permission denied
grep: analysis/beamforming/beamforming_aperture_0_polar_0.772235065687_26.5.png: Permission denied
grep: analysis/beamforming/beamforming_aperture_0_polar_0.789785862634_26.5.png: Permission denied
grep: analysis/beamforming/beamforming_aperture_0_polar_0.807336659582_26.5.png: Permission denied
grep: analysis/beamforming/beamforming_aperture_0_polar_0.807838110923_26.5.png: Permission denied
grep: analysis/beamforming/beamforming_aperture_0_polar_0.824887456529_26.5.png: Permission denied
grep: analysis/beamforming/beamforming_aperture_0_polar_0.842438253477_26.5.png: Permission denied
grep: analysis/beamforming/beamforming_aperture_0_polar_0.859989050424_26.5.png: Permission denied
grep: analysis/beamforming/beamforming_aperture_0_polar_0.877539847371_26.5.png: Permission denied
grep: analysis/beamforming/beamforming_aperture_0_polar_0.895090644319_26.5.png: Permission denied
grep: analysis/beamforming/beamforming_aperture_0_polar_0.897597901026_26.5.png: Permission denied
grep: analysis/beamforming/beamforming_aperture_0_polar_0.912641441266_26.5.png: Permission denied
grep: analysis/beamforming/beamforming_aperture_0_polar_0.930192238214_26.5.png: Permission denied
grep: analysis/beamforming/beamforming_aperture_0_polar_0.947743035161_26.5.png: Permission denied
grep: analysis/beamforming/beamforming_aperture_0_polar_0.965293832109_26.5.png: Permission denied
grep: analysis/beamforming/beamforming_aperture_0_polar_0.982844629056_26.5.png: Permission denied
grep: analysis/beamforming/beamforming_aperture_0_polar_0.987357691128_26.5.png: Permission denied
grep: analysis/beamforming/beamforming_aperture_0_polar_1.000395426_26.5.png: Permission denied
grep: analysis/beamforming/beamforming_aperture_0_polar_1.01794622295_26.5.png: Permission denied
grep: analysis/beamforming/beamforming_aperture_0_polar_1.0354970199_26.5.png: Permission denied
grep: analysis/beamforming/beamforming_aperture_0_polar_1.0471975512_40.0.png: Permission denied
grep: analysis/beamforming/beamforming_aperture_0_polar_1.05304781685_26.5.png: Permission denied
grep: analysis/beamforming/beamforming_aperture_0_polar_1.07059861379_26.5.png: Permission denied
grep: analysis/beamforming/beamforming_aperture_0_polar_1.07711748123_26.5.png: Permission denied
grep: analysis/beamforming/beamforming_aperture_0_polar_1.08814941074_26.5.png: Permission denied
grep: analysis/beamforming/beamforming_aperture_0_polar_1.10570020769_26.5.png: Permission denied
grep: analysis/beamforming/beamforming_aperture_0_polar_1.12325100464_26.5.png: Permission denied
grep: analysis/beamforming/beamforming_aperture_0_polar_1.14080180158_26.5.png: Permission denied
grep: analysis/beamforming/beamforming_aperture_0_polar_1.15835259853_26.5.png: Permission denied
grep: analysis/beamforming/beamforming_aperture_0_polar_1.16687727133_26.5.png: Permission denied
grep: analysis/beamforming/beamforming_aperture_0_polar_1.17590339548_26.5.png: Permission denied
grep: analysis/beamforming/beamforming_aperture_0_polar_1.19345419243_26.5.png: Permission denied
grep: analysis/beamforming/beamforming_aperture_0_polar_1.21100498937_26.5.png: Permission denied
grep: analysis/beamforming/beamforming_aperture_0_polar_1.22855578632_26.5.png: Permission denied
grep: analysis/beamforming/beamforming_aperture_0_polar_1.24610658327_26.5.png: Permission denied
grep: analysis/beamforming/beamforming_aperture_0_polar_1.25663706144_26.5.png: Permission denied
grep: analysis/beamforming/beamforming_aperture_0_polar_1.26365738021_26.5.png: Permission denied
grep: analysis/beamforming/beamforming_aperture_0_polar_1.28120817716_26.5.png: Permission denied
grep: analysis/beamforming/beamforming_aperture_0_polar_1.29875897411_26.5.png: Permission denied
grep: analysis/beamforming/beamforming_aperture_0_polar_1.31630977106_26.5.png: Permission denied
grep: analysis/beamforming/beamforming_aperture_0_polar_1.333860568_26.5.png: Permission denied
grep: analysis/beamforming/beamforming_aperture_0_polar_1.34639685154_26.5.png: Permission denied
grep: analysis/beamforming/beamforming_aperture_0_polar_1.35141136495_26.5.png: Permission denied
grep: analysis/beamforming/beamforming_aperture_0_polar_1.3689621619_26.5.png: Permission denied
grep: analysis/beamforming/beamforming_aperture_0_polar_1.37444678595_26.5.png: Permission denied
grep: analysis/beamforming/beamforming_aperture_0_polar_1.37444678595_40.0.png: Permission denied
grep: analysis/beamforming/beamforming_aperture_0_polar_1.38246105292_26.5.png: Permission denied
grep: analysis/beamforming/beamforming_aperture_0_polar_1.38246105292_40.0.png: Permission denied
grep: analysis/beamforming/beamforming_aperture_0_polar_1.38651295885_26.5.png: Permission denied
grep: analysis/beamforming/beamforming_aperture_0_polar_1.39047531989_26.5.png: Permission denied
grep: analysis/beamforming/beamforming_aperture_0_polar_1.39047531989_40.0.png: Permission denied
grep: analysis/beamforming/beamforming_aperture_0_polar_1.3962634016_40.0.png: Permission denied
grep: analysis/beamforming/beamforming_aperture_0_polar_1.39848958687_26.5.png: Permission denied
grep: analysis/beamforming/beamforming_aperture_0_polar_1.39848958687_40.0.png: Permission denied
grep: analysis/beamforming/beamforming_aperture_0_polar_1.40406375579_26.5.png: Permission denied
grep: analysis/beamforming/beamforming_aperture_0_polar_1.40650385384_26.5.png: Permission denied
grep: analysis/beamforming/beamforming_aperture_0_polar_1.40650385384_40.0.png: Permission denied
grep: analysis/beamforming/beamforming_aperture_0_polar_1.41451812081_26.5.png: Permission denied
grep: analysis/beamforming/beamforming_aperture_0_polar_1.41451812081_40.0.png: Permission denied
grep: analysis/beamforming/beamforming_aperture_0_polar_1.42161455274_26.5.png: Permission denied
grep: analysis/beamforming/beamforming_aperture_0_polar_1.42253238779_26.5.png: Permission denied
grep: analysis/beamforming/beamforming_aperture_0_polar_1.42253238779_40.0.png: Permission denied
grep: analysis/beamforming/beamforming_aperture_0_polar_1.43054665476_26.5.png: Permission denied
grep: analysis/beamforming/beamforming_aperture_0_polar_1.43054665476_40.0.png: Permission denied
grep: analysis/beamforming/beamforming_aperture_0_polar_1.43615664164_26.5.png: Permission denied
grep: analysis/beamforming/beamforming_aperture_0_polar_1.43856092173_26.5.png: Permission denied
grep: analysis/beamforming/beamforming_aperture_0_polar_1.43856092173_40.0.png: Permission denied
grep: analysis/beamforming/beamforming_aperture_0_polar_1.43916534969_26.5.png: Permission denied
grep: analysis/beamforming/beamforming_aperture_0_polar_1.44657518871_26.5.png: Permission denied
grep: analysis/beamforming/beamforming_aperture_0_polar_1.44657518871_40.0.png: Permission denied
grep: analysis/beamforming/beamforming_aperture_0_polar_1.45458945568_26.5.png: Permission denied
grep: analysis/beamforming/beamforming_aperture_0_polar_1.45458945568_40.0.png: Permission denied
grep: analysis/beamforming/beamforming_aperture_0_polar_1.45671614664_26.5.png: Permission denied
grep: analysis/beamforming/beamforming_aperture_0_polar_1.46260372265_26.5.png: Permission denied
grep: analysis/beamforming/beamforming_aperture_0_polar_1.46260372265_40.0.png: Permission denied
grep: analysis/beamforming/beamforming_aperture_0_polar_1.47061798963_26.5.png: Permission denied
grep: analysis/beamforming/beamforming_aperture_0_polar_1.47061798963_40.0.png: Permission denied
grep: analysis/beamforming/beamforming_aperture_0_polar_1.47426694358_26.5.png: Permission denied
grep: analysis/beamforming/beamforming_aperture_0_polar_1.4786322566_26.5.png: Permission denied
grep: analysis/beamforming/beamforming_aperture_0_polar_1.4786322566_40.0.png: Permission denied
grep: analysis/beamforming/beamforming_aperture_0_polar_1.48664652357_26.5.png: Permission denied
grep: analysis/beamforming/beamforming_aperture_0_polar_1.48664652357_40.0.png: Permission denied
grep: analysis/beamforming/beamforming_aperture_0_polar_1.49181774053_26.5.png: Permission denied
grep: analysis/beamforming/beamforming_aperture_0_polar_1.49466079055_26.5.png: Permission denied
grep: analysis/beamforming/beamforming_aperture_0_polar_1.49466079055_40.0.png: Permission denied
grep: analysis/beamforming/beamforming_aperture_0_polar_1.50267505752_26.5.png: Permission denied
grep: analysis/beamforming/beamforming_aperture_0_polar_1.50267505752_40.0.png: Permission denied
grep: analysis/beamforming/beamforming_aperture_0_polar_1.50936853748_26.5.png: Permission denied
grep: analysis/beamforming/beamforming_aperture_0_polar_1.51068932449_26.5.png: Permission denied
grep: analysis/beamforming/beamforming_aperture_0_polar_1.51068932449_40.0.png: Permission denied
grep: analysis/beamforming/beamforming_aperture_0_polar_1.51870359147_26.5.png: Permission denied
grep: analysis/beamforming/beamforming_aperture_0_polar_1.51870359147_40.0.png: Permission denied
grep: analysis/beamforming/beamforming_aperture_0_polar_1.52591643174_26.5.png: Permission denied
grep: analysis/beamforming/beamforming_aperture_0_polar_1.52671785844_26.5.png: Permission denied
grep: analysis/beamforming/beamforming_aperture_0_polar_1.52671785844_40.0.png: Permission denied
grep: analysis/beamforming/beamforming_aperture_0_polar_1.52691933443_26.5.png: Permission denied
grep: analysis/beamforming/beamforming_aperture_0_polar_1.53473212541_26.5.png: Permission denied
grep: analysis/beamforming/beamforming_aperture_0_polar_1.53473212541_40.0.png: Permission denied
grep: analysis/beamforming/beamforming_aperture_0_polar_1.54274639239_26.5.png: Permission denied
grep: analysis/beamforming/beamforming_aperture_0_polar_1.54274639239_40.0.png: Permission denied
grep: analysis/beamforming/beamforming_aperture_0_polar_1.54447013137_26.5.png: Permission denied
grep: analysis/beamforming/beamforming_aperture_0_polar_1.55076065936_26.5.png: Permission denied
grep: analysis/beamforming/beamforming_aperture_0_polar_1.55076065936_40.0.png: Permission denied
grep: analysis/beamforming/beamforming_aperture_0_polar_1.55877492633_26.5.png: Permission denied
grep: analysis/beamforming/beamforming_aperture_0_polar_1.55877492633_40.0.png: Permission denied
grep: analysis/beamforming/beamforming_aperture_0_polar_1.56202092832_26.5.png: Permission denied
grep: analysis/beamforming/beamforming_aperture_0_polar_1.56678919331_26.5.png: Permission denied
grep: analysis/beamforming/beamforming_aperture_0_polar_1.56678919331_40.0.png: Permission denied
grep: analysis/beamforming/beamforming_aperture_0_polar_1.57480346028_26.5.png: Permission denied
grep: analysis/beamforming/beamforming_aperture_0_polar_1.57480346028_40.0.png: Permission denied
grep: analysis/beamforming/beamforming_aperture_0_polar_1.57957172527_26.5.png: Permission denied
grep: analysis/beamforming/beamforming_aperture_0_polar_1.58281772726_26.5.png: Permission denied
grep: analysis/beamforming/beamforming_aperture_0_polar_1.58281772726_40.0.png: Permission denied
grep: analysis/beamforming/beamforming_aperture_0_polar_1.59083199423_26.5.png: Permission denied
grep: analysis/beamforming/beamforming_aperture_0_polar_1.59083199423_40.0.png: Permission denied
grep: analysis/beamforming/beamforming_aperture_0_polar_1.59712252222_26.5.png: Permission denied
grep: analysis/beamforming/beamforming_aperture_0_polar_1.5988462612_26.5.png: Permission denied
grep: analysis/beamforming/beamforming_aperture_0_polar_1.5988462612_40.0.png: Permission denied
grep: analysis/beamforming/beamforming_aperture_0_polar_1.60686052818_26.5.png: Permission denied
grep: analysis/beamforming/beamforming_aperture_0_polar_1.60686052818_40.0.png: Permission denied
grep: analysis/beamforming/beamforming_aperture_0_polar_1.61467331916_26.5.png: Permission denied
grep: analysis/beamforming/beamforming_aperture_0_polar_1.61487479515_26.5.png: Permission denied
grep: analysis/beamforming/beamforming_aperture_0_polar_1.61487479515_40.0.png: Permission denied
grep: analysis/beamforming/beamforming_aperture_0_polar_1.61567622185_26.5.png: Permission denied
grep: analysis/beamforming/beamforming_aperture_0_polar_1.62288906212_26.5.png: Permission denied
grep: analysis/beamforming/beamforming_aperture_0_polar_1.62288906212_40.0.png: Permission denied
grep: analysis/beamforming/beamforming_aperture_0_polar_1.6309033291_26.5.png: Permission denied
grep: analysis/beamforming/beamforming_aperture_0_polar_1.6309033291_40.0.png: Permission denied
grep: analysis/beamforming/beamforming_aperture_0_polar_1.63222411611_26.5.png: Permission denied
grep: analysis/beamforming/beamforming_aperture_0_polar_1.63891759607_26.5.png: Permission denied
grep: analysis/beamforming/beamforming_aperture_0_polar_1.63891759607_40.0.png: Permission denied
grep: analysis/beamforming/beamforming_aperture_0_polar_1.64693186304_26.5.png: Permission denied
grep: analysis/beamforming/beamforming_aperture_0_polar_1.64693186304_40.0.png: Permission denied
grep: analysis/beamforming/beamforming_aperture_0_polar_1.64977491306_26.5.png: Permission denied
grep: analysis/beamforming/beamforming_aperture_0_polar_1.65494613002_26.5.png: Permission denied
grep: analysis/beamforming/beamforming_aperture_0_polar_1.65494613002_40.0.png: Permission denied
grep: analysis/beamforming/beamforming_aperture_0_polar_1.66296039699_26.5.png: Permission denied
grep: analysis/beamforming/beamforming_aperture_0_polar_1.66296039699_40.0.png: Permission denied
grep: analysis/beamforming/beamforming_aperture_0_polar_1.66732571001_26.5.png: Permission denied
grep: analysis/beamforming/beamforming_aperture_0_polar_1.67097466396_26.5.png: Permission denied
grep: analysis/beamforming/beamforming_aperture_0_polar_1.67097466396_40.0.png: Permission denied
grep: analysis/beamforming/beamforming_aperture_0_polar_1.67898893094_26.5.png: Permission denied
grep: analysis/beamforming/beamforming_aperture_0_polar_1.67898893094_40.0.png: Permission denied
grep: analysis/beamforming/beamforming_aperture_0_polar_1.68487650695_26.5.png: Permission denied
grep: analysis/beamforming/beamforming_aperture_0_polar_1.68700319791_26.5.png: Permission denied
grep: analysis/beamforming/beamforming_aperture_0_polar_1.68700319791_40.0.png: Permission denied
grep: analysis/beamforming/beamforming_aperture_0_polar_1.69501746488_26.5.png: Permission denied
grep: analysis/beamforming/beamforming_aperture_0_polar_1.69501746488_40.0.png: Permission denied
grep: analysis/beamforming/beamforming_aperture_0_polar_1.7024273039_26.5.png: Permission denied
grep: analysis/beamforming/beamforming_aperture_0_polar_1.70303173186_26.5.png: Permission denied
grep: analysis/beamforming/beamforming_aperture_0_polar_1.70303173186_40.0.png: Permission denied
grep: analysis/beamforming/beamforming_aperture_0_polar_1.70543601195_26.5.png: Permission denied
grep: analysis/beamforming/beamforming_aperture_0_polar_1.71104599883_26.5.png: Permission denied
grep: analysis/beamforming/beamforming_aperture_0_polar_1.71104599883_40.0.png: Permission denied
grep: analysis/beamforming/beamforming_aperture_0_polar_1.7190602658_26.5.png: Permission denied
grep: analysis/beamforming/beamforming_aperture_0_polar_1.7190602658_40.0.png: Permission denied
grep: analysis/beamforming/beamforming_aperture_0_polar_1.71997810085_26.5.png: Permission denied
grep: analysis/beamforming/beamforming_aperture_0_polar_1.72707453278_26.5.png: Permission denied
grep: analysis/beamforming/beamforming_aperture_0_polar_1.72707453278_40.0.png: Permission denied
grep: analysis/beamforming/beamforming_aperture_0_polar_1.73508879975_26.5.png: Permission denied
grep: analysis/beamforming/beamforming_aperture_0_polar_1.73508879975_40.0.png: Permission denied
grep: analysis/beamforming/beamforming_aperture_0_polar_1.7375288978_26.5.png: Permission denied
grep: analysis/beamforming/beamforming_aperture_0_polar_1.74310306672_26.5.png: Permission denied
grep: analysis/beamforming/beamforming_aperture_0_polar_1.74310306672_40.0.png: Permission denied
grep: analysis/beamforming/beamforming_aperture_0_polar_1.74532925199_40.0.png: Permission denied
grep: analysis/beamforming/beamforming_aperture_0_polar_1.7511173337_26.5.png: Permission denied
grep: analysis/beamforming/beamforming_aperture_0_polar_1.7511173337_40.0.png: Permission denied
grep: analysis/beamforming/beamforming_aperture_0_polar_1.75507969474_26.5.png: Permission denied
grep: analysis/beamforming/beamforming_aperture_0_polar_1.75913160067_26.5.png: Permission denied
grep: analysis/beamforming/beamforming_aperture_0_polar_1.75913160067_40.0.png: Permission denied
grep: analysis/beamforming/beamforming_aperture_0_polar_1.76714586764_26.5.png: Permission denied
grep: analysis/beamforming/beamforming_aperture_0_polar_1.76714586764_40.0.png: Permission denied
grep: analysis/beamforming/beamforming_aperture_0_polar_1.77263049169_26.5.png: Permission denied
grep: analysis/beamforming/beamforming_aperture_0_polar_1.79018128864_26.5.png: Permission denied
grep: analysis/beamforming/beamforming_aperture_0_polar_1.79519580205_26.5.png: Permission denied
grep: analysis/beamforming/beamforming_aperture_0_polar_1.80773208559_26.5.png: Permission denied
grep: analysis/beamforming/beamforming_aperture_0_polar_1.82528288253_26.5.png: Permission denied
grep: analysis/beamforming/beamforming_aperture_0_polar_1.84283367948_26.5.png: Permission denied
grep: analysis/beamforming/beamforming_aperture_0_polar_1.86038447643_26.5.png: Permission denied
grep: analysis/beamforming/beamforming_aperture_0_polar_1.87793527337_26.5.png: Permission denied
grep: analysis/beamforming/beamforming_aperture_0_polar_1.88495559215_26.5.png: Permission denied
grep: analysis/beamforming/beamforming_aperture_0_polar_1.89548607032_26.5.png: Permission denied
grep: analysis/beamforming/beamforming_aperture_0_polar_1.91303686727_26.5.png: Permission denied
grep: analysis/beamforming/beamforming_aperture_0_polar_1.93058766422_26.5.png: Permission denied
grep: analysis/beamforming/beamforming_aperture_0_polar_1.94813846116_26.5.png: Permission denied
grep: analysis/beamforming/beamforming_aperture_0_polar_1.96568925811_26.5.png: Permission denied
grep: analysis/beamforming/beamforming_aperture_0_polar_1.97471538226_26.5.png: Permission denied
grep: analysis/beamforming/beamforming_aperture_0_polar_1.98324005506_26.5.png: Permission denied
grep: analysis/beamforming/beamforming_aperture_0_polar_10.0_40.0.png: Permission denied
grep: analysis/beamforming/beamforming_aperture_0_polar_100.0_40.0.png: Permission denied
grep: analysis/beamforming/beamforming_aperture_0_polar_110.0_40.0.png: Permission denied
grep: analysis/beamforming/beamforming_aperture_0_polar_120.0_40.0.png: Permission denied
grep: analysis/beamforming/beamforming_aperture_0_polar_130.0_40.0.png: Permission denied
grep: analysis/beamforming/beamforming_aperture_0_polar_140.0_40.0.png: Permission denied
grep: analysis/beamforming/beamforming_aperture_0_polar_150.0_40.0.png: Permission denied
grep: analysis/beamforming/beamforming_aperture_0_polar_160.0_40.0.png: Permission denied
grep: analysis/beamforming/beamforming_aperture_0_polar_170.0_40.0.png: Permission denied
grep: analysis/beamforming/beamforming_aperture_0_polar_2.00079085201_26.5.png: Permission denied
grep: analysis/beamforming/beamforming_aperture_0_polar_2.01834164895_26.5.png: Permission denied
grep: analysis/beamforming/beamforming_aperture_0_polar_2.0358924459_26.5.png: Permission denied
grep: analysis/beamforming/beamforming_aperture_0_polar_2.05344324285_26.5.png: Permission denied
grep: analysis/beamforming/beamforming_aperture_0_polar_2.06447517236_26.5.png: Permission denied
grep: analysis/beamforming/beamforming_aperture_0_polar_2.0709940398_26.5.png: Permission denied
grep: analysis/beamforming/beamforming_aperture_0_polar_2.08854483674_26.5.png: Permission denied
grep: analysis/beamforming/beamforming_aperture_0_polar_2.09439510239_40.0.png: Permission denied
grep: analysis/beamforming/beamforming_aperture_0_polar_2.10609563369_26.5.png: Permission denied
grep: analysis/beamforming/beamforming_aperture_0_polar_2.12364643064_26.5.png: Permission denied
grep: analysis/beamforming/beamforming_aperture_0_polar_2.14119722759_26.5.png: Permission denied
grep: analysis/beamforming/beamforming_aperture_0_polar_2.15423496246_26.5.png: Permission denied
grep: analysis/beamforming/beamforming_aperture_0_polar_2.15874802453_26.5.png: Permission denied
grep: analysis/beamforming/beamforming_aperture_0_polar_2.17629882148_26.5.png: Permission denied
grep: analysis/beamforming/beamforming_aperture_0_polar_2.19384961843_26.5.png: Permission denied
grep: analysis/beamforming/beamforming_aperture_0_polar_2.21140041538_26.5.png: Permission denied
grep: analysis/beamforming/beamforming_aperture_0_polar_2.22895121232_26.5.png: Permission denied
grep: analysis/beamforming/beamforming_aperture_0_polar_2.24399475256_26.5.png: Permission denied
grep: analysis/beamforming/beamforming_aperture_0_polar_2.24650200927_26.5.png: Permission denied
grep: analysis/beamforming/beamforming_aperture_0_polar_2.26405280622_26.5.png: Permission denied
grep: analysis/beamforming/beamforming_aperture_0_polar_2.28160360317_26.5.png: Permission denied
grep: analysis/beamforming/beamforming_aperture_0_polar_2.29915440011_26.5.png: Permission denied
grep: analysis/beamforming/beamforming_aperture_0_polar_2.31670519706_26.5.png: Permission denied
grep: analysis/beamforming/beamforming_aperture_0_polar_2.33375454267_26.5.png: Permission denied
grep: analysis/beamforming/beamforming_aperture_0_polar_2.33425599401_26.5.png: Permission denied
grep: analysis/beamforming/beamforming_aperture_0_polar_2.35180679096_26.5.png: Permission denied
grep: analysis/beamforming/beamforming_aperture_0_polar_2.3693575879_26.5.png: Permission denied
grep: analysis/beamforming/beamforming_aperture_0_polar_2.38690838485_26.5.png: Permission denied
grep: analysis/beamforming/beamforming_aperture_0_polar_2.4044591818_26.5.png: Permission denied
grep: analysis/beamforming/beamforming_aperture_0_polar_2.42200997875_26.5.png: Permission denied
grep: analysis/beamforming/beamforming_aperture_0_polar_2.42351433277_26.5.png: Permission denied
grep: analysis/beamforming/beamforming_aperture_0_polar_2.43956077569_26.5.png: Permission denied
grep: analysis/beamforming/beamforming_aperture_0_polar_2.44346095279_40.0.png: Permission denied
grep: analysis/beamforming/beamforming_aperture_0_polar_2.45711157264_26.5.png: Permission denied
grep: analysis/beamforming/beamforming_aperture_0_polar_2.47466236959_26.5.png: Permission denied
grep: analysis/beamforming/beamforming_aperture_0_polar_2.49221316653_26.5.png: Permission denied
grep: analysis/beamforming/beamforming_aperture_0_polar_2.50976396348_26.5.png: Permission denied
grep: analysis/beamforming/beamforming_aperture_0_polar_2.51327412287_26.5.png: Permission denied
grep: analysis/beamforming/beamforming_aperture_0_polar_2.52731476043_26.5.png: Permission denied
grep: analysis/beamforming/beamforming_aperture_0_polar_2.54486555738_26.5.png: Permission denied
grep: analysis/beamforming/beamforming_aperture_0_polar_2.56241635432_26.5.png: Permission denied
grep: analysis/beamforming/beamforming_aperture_0_polar_2.57996715127_26.5.png: Permission denied
grep: analysis/beamforming/beamforming_aperture_0_polar_2.59751794822_26.5.png: Permission denied
grep: analysis/beamforming/beamforming_aperture_0_polar_2.60303391297_26.5.png: Permission denied
grep: analysis/beamforming/beamforming_aperture_0_polar_2.61506874517_26.5.png: Permission denied
grep: analysis/beamforming/beamforming_aperture_0_polar_2.63261954211_26.5.png: Permission denied
grep: analysis/beamforming/beamforming_aperture_0_polar_2.65017033906_26.5.png: Permission denied
grep: analysis/beamforming/beamforming_aperture_0_polar_2.66772113601_26.5.png: Permission denied
grep: analysis/beamforming/beamforming_aperture_0_polar_2.68527193296_26.5.png: Permission denied
grep: analysis/beamforming/beamforming_aperture_0_polar_2.69279370308_26.5.png: Permission denied
grep: analysis/beamforming/beamforming_aperture_0_polar_2.7028227299_26.5.png: Permission denied
grep: analysis/beamforming/beamforming_aperture_0_polar_2.72037352685_26.5.png: Permission denied
grep: analysis/beamforming/beamforming_aperture_0_polar_2.7379243238_26.5.png: Permission denied
grep: analysis/beamforming/beamforming_aperture_0_polar_2.75547512075_26.5.png: Permission denied
grep: analysis/beamforming/beamforming_aperture_0_polar_2.77302591769_26.5.png: Permission denied
grep: analysis/beamforming/beamforming_aperture_0_polar_2.78255349318_26.5.png: Permission denied
grep: analysis/beamforming/beamforming_aperture_0_polar_2.79057671464_26.5.png: Permission denied
grep: analysis/beamforming/beamforming_aperture_0_polar_2.79252680319_40.0.png: Permission denied
grep: analysis/beamforming/beamforming_aperture_0_polar_2.80812751159_26.5.png: Permission denied
grep: analysis/beamforming/beamforming_aperture_0_polar_2.82567830854_26.5.png: Permission denied
grep: analysis/beamforming/beamforming_aperture_0_polar_2.84322910548_26.5.png: Permission denied
grep: analysis/beamforming/beamforming_aperture_0_polar_2.86077990243_26.5.png: Permission denied
grep: analysis/beamforming/beamforming_aperture_0_polar_2.87231328328_26.5.png: Permission denied
grep: analysis/beamforming/beamforming_aperture_0_polar_2.87833069938_26.5.png: Permission denied
grep: analysis/beamforming/beamforming_aperture_0_polar_2.89588149633_26.5.png: Permission denied
grep: analysis/beamforming/beamforming_aperture_0_polar_2.91343229327_26.5.png: Permission denied
grep: analysis/beamforming/beamforming_aperture_0_polar_2.93098309022_26.5.png: Permission denied
grep: analysis/beamforming/beamforming_aperture_0_polar_2.94524311274_26.5.png: Permission denied
grep: analysis/beamforming/beamforming_aperture_0_polar_2.94853388717_26.5.png: Permission denied
grep: analysis/beamforming/beamforming_aperture_0_polar_2.95325737971_26.5.png: Permission denied
grep: analysis/beamforming/beamforming_aperture_0_polar_2.96127164669_26.5.png: Permission denied
grep: analysis/beamforming/beamforming_aperture_0_polar_2.96207307338_26.5.png: Permission denied
grep: analysis/beamforming/beamforming_aperture_0_polar_2.96608468412_26.5.png: Permission denied
grep: analysis/beamforming/beamforming_aperture_0_polar_2.96928591366_26.5.png: Permission denied
grep: analysis/beamforming/beamforming_aperture_0_polar_2.97730018063_26.5.png: Permission denied
grep: analysis/beamforming/beamforming_aperture_0_polar_2.98363548106_26.5.png: Permission denied
grep: analysis/beamforming/beamforming_aperture_0_polar_2.98531444761_26.5.png: Permission denied
grep: analysis/beamforming/beamforming_aperture_0_polar_2.99332871458_26.5.png: Permission denied
grep: analysis/beamforming/beamforming_aperture_0_polar_20.0_40.0.png: Permission denied
grep: analysis/beamforming/beamforming_aperture_0_polar_3.00118627801_26.5.png: Permission denied
grep: analysis/beamforming/beamforming_aperture_0_polar_3.00134298155_26.5.png: Permission denied
grep: analysis/beamforming/beamforming_aperture_0_polar_3.00935724853_26.5.png: Permission denied
grep: analysis/beamforming/beamforming_aperture_0_polar_3.0173715155_26.5.png: Permission denied
grep: analysis/beamforming/beamforming_aperture_0_polar_3.01873707496_26.5.png: Permission denied
grep: analysis/beamforming/beamforming_aperture_0_polar_3.02538578247_26.5.png: Permission denied
grep: analysis/beamforming/beamforming_aperture_0_polar_3.03340004945_26.5.png: Permission denied
grep: analysis/beamforming/beamforming_aperture_0_polar_3.03628787191_26.5.png: Permission denied
grep: analysis/beamforming/beamforming_aperture_0_polar_3.04141431642_26.5.png: Permission denied
grep: analysis/beamforming/beamforming_aperture_0_polar_3.0494285834_26.5.png: Permission denied
grep: analysis/beamforming/beamforming_aperture_0_polar_3.05183286349_26.5.png: Permission denied
grep: analysis/beamforming/beamforming_aperture_0_polar_3.05383866885_26.5.png: Permission denied
grep: analysis/beamforming/beamforming_aperture_0_polar_3.05744285037_26.5.png: Permission denied
grep: analysis/beamforming/beamforming_aperture_0_polar_3.06545711734_26.5.png: Permission denied
grep: analysis/beamforming/beamforming_aperture_0_polar_3.0713894658_26.5.png: Permission denied
grep: analysis/beamforming/beamforming_aperture_0_polar_3.07347138432_26.5.png: Permission denied
grep: analysis/beamforming/beamforming_aperture_0_polar_3.08148565129_26.5.png: Permission denied
grep: analysis/beamforming/beamforming_aperture_0_polar_3.08894026275_26.5.png: Permission denied
grep: analysis/beamforming/beamforming_aperture_0_polar_3.08949991826_26.5.png: Permission denied
grep: analysis/beamforming/beamforming_aperture_0_polar_3.09751418524_26.5.png: Permission denied
grep: analysis/beamforming/beamforming_aperture_0_polar_3.10552845221_26.5.png: Permission denied
grep: analysis/beamforming/beamforming_aperture_0_polar_3.10649105969_26.5.png: Permission denied
grep: analysis/beamforming/beamforming_aperture_0_polar_3.11354271918_26.5.png: Permission denied
grep: analysis/beamforming/beamforming_aperture_0_polar_3.12155698616_26.5.png: Permission denied
grep: analysis/beamforming/beamforming_aperture_0_polar_3.12404185664_26.5.png: Permission denied
grep: analysis/beamforming/beamforming_aperture_0_polar_3.12957125313_26.5.png: Permission denied
grep: analysis/beamforming/beamforming_aperture_0_polar_3.1375855201_26.5.png: Permission denied
grep: analysis/beamforming/beamforming_aperture_0_polar_3.14159265359_26.5.png: Permission denied
grep: analysis/beamforming/beamforming_aperture_0_polar_3.14159265359_40.0.png: Permission denied
grep: analysis/beamforming/beamforming_aperture_0_polar_3.14559978708_26.5.png: Permission denied
grep: analysis/beamforming/beamforming_aperture_0_polar_3.15361405405_26.5.png: Permission denied
grep: analysis/beamforming/beamforming_aperture_0_polar_3.16162832102_26.5.png: Permission denied
grep: analysis/beamforming/beamforming_aperture_0_polar_3.169642588_26.5.png: Permission denied
grep: analysis/beamforming/beamforming_aperture_0_polar_3.17765685497_26.5.png: Permission denied
grep: analysis/beamforming/beamforming_aperture_0_polar_3.18567112194_26.5.png: Permission denied
grep: analysis/beamforming/beamforming_aperture_0_polar_3.19368538892_26.5.png: Permission denied
grep: analysis/beamforming/beamforming_aperture_0_polar_3.20169965589_26.5.png: Permission denied
grep: analysis/beamforming/beamforming_aperture_0_polar_3.20971392286_26.5.png: Permission denied
grep: analysis/beamforming/beamforming_aperture_0_polar_3.21772818984_26.5.png: Permission denied
grep: analysis/beamforming/beamforming_aperture_0_polar_3.22574245681_26.5.png: Permission denied
grep: analysis/beamforming/beamforming_aperture_0_polar_3.23375672378_26.5.png: Permission denied
grep: analysis/beamforming/beamforming_aperture_0_polar_3.24177099076_26.5.png: Permission denied
grep: analysis/beamforming/beamforming_aperture_0_polar_3.24978525773_26.5.png: Permission denied
grep: analysis/beamforming/beamforming_aperture_0_polar_3.2577995247_26.5.png: Permission denied
grep: analysis/beamforming/beamforming_aperture_0_polar_3.26581379168_26.5.png: Permission denied
grep: analysis/beamforming/beamforming_aperture_0_polar_3.27382805865_26.5.png: Permission denied
grep: analysis/beamforming/beamforming_aperture_0_polar_3.28184232563_26.5.png: Permission denied
grep: analysis/beamforming/beamforming_aperture_0_polar_3.2898565926_26.5.png: Permission denied
grep: analysis/beamforming/beamforming_aperture_0_polar_3.29787085957_26.5.png: Permission denied
grep: analysis/beamforming/beamforming_aperture_0_polar_3.30588512655_26.5.png: Permission denied
grep: analysis/beamforming/beamforming_aperture_0_polar_3.31389939352_26.5.png: Permission denied
grep: analysis/beamforming/beamforming_aperture_0_polar_3.32191366049_26.5.png: Permission denied
grep: analysis/beamforming/beamforming_aperture_0_polar_3.32992792747_26.5.png: Permission denied
grep: analysis/beamforming/beamforming_aperture_0_polar_3.33794219444_26.5.png: Permission denied
grep: analysis/beamforming/beamforming_aperture_0_polar_30.0_40.0.png: Permission denied
grep: analysis/beamforming/beamforming_aperture_0_polar_40.0_40.0.png: Permission denied
grep: analysis/beamforming/beamforming_aperture_0_polar_50.0_40.0.png: Permission denied
grep: analysis/beamforming/beamforming_aperture_0_polar_60.0_40.0.png: Permission denied
grep: analysis/beamforming/beamforming_aperture_0_polar_70.0_40.0.png: Permission denied
grep: analysis/beamforming/beamforming_aperture_0_polar_80.0_40.0.png: Permission denied
grep: analysis/beamforming/beamforming_aperture_0_polar_90.0_40.0.png: Permission denied
grep: analysis/beamforming/beamforming_aperture_0_taper_20_40.0.png: Permission denied
grep: analysis/beamforming/beamforming_aperture_0_vPolar_0.0_40.0.png: Permission denied
grep: analysis/beamforming/beamforming_aperture_0_vPolar_10.0_40.0.png: Permission denied
grep: analysis/beamforming/beamforming_aperture_0_vPolar_100.0_40.0.png: Permission denied
grep: analysis/beamforming/beamforming_aperture_0_vPolar_110.0_40.0.png: Permission denied
grep: analysis/beamforming/beamforming_aperture_0_vPolar_120.0_40.0.png: Permission denied
grep: analysis/beamforming/beamforming_aperture_0_vPolar_130.0_40.0.png: Permission denied
grep: analysis/beamforming/beamforming_aperture_0_vPolar_140.0_40.0.png: Permission denied
grep: analysis/beamforming/beamforming_aperture_0_vPolar_150.0_40.0.png: Permission denied
grep: analysis/beamforming/beamforming_aperture_0_vPolar_160.0_40.0.png: Permission denied
grep: analysis/beamforming/beamforming_aperture_0_vPolar_170.0_40.0.png: Permission denied
grep: analysis/beamforming/beamforming_aperture_0_vPolar_20.0_40.0.png: Permission denied
grep: analysis/beamforming/beamforming_aperture_0_vPolar_30.0_40.0.png: Permission denied
grep: analysis/beamforming/beamforming_aperture_0_vPolar_40.0_40.0.png: Permission denied
grep: analysis/beamforming/beamforming_aperture_0_vPolar_50.0_40.0.png: Permission denied
grep: analysis/beamforming/beamforming_aperture_0_vPolar_60.0_40.0.png: Permission denied
grep: analysis/beamforming/beamforming_aperture_0_vPolar_70.0_40.0.png: Permission denied
grep: analysis/beamforming/beamforming_aperture_0_vPolar_80.0_40.0.png: Permission denied
grep: analysis/beamforming/beamforming_aperture_0_vPolar_90.0_40.0.png: Permission denied
grep: analysis/beamforming/mainBeamVsGamma.png: Permission denied
grep: analysis/beamforming/mainBeamVsGamma1.png: Permission denied
grep: analysis/beamforming/mainBeamVsGamma1a.png: Permission denied
grep: analysis/beamforming/mainBeamVsGamma1aF2.png: Permission denied
grep: analysis/beamforming/mainBeamVsGamma2.png: Permission denied
grep: analysis/beamforming/mainBeamVsGamma2a.png: Permission denied
grep: analysis/beamforming/mainBeamVsGamma2aF2.png: Permission denied
grep: analysis/beamforming/mainBeamVsGammaLinear.png: Permission denied
grep: analysis/beamforming/mainBeamVsGammaLinear1.png: Permission denied
grep: analysis/beamforming/mainBeamVsGammaLinear1a.png: Permission denied
grep: analysis/beamforming/mainBeamVsGammaLinear1aF2.png: Permission denied
grep: analysis/beamforming/mainBeamVsGammaLinear2.png: Permission denied
grep: analysis/beamforming/mainBeamVsGammaLinear2a.png: Permission denied
grep: analysis/beamforming/mainBeamVsGammaLinear2aF2.png: Permission denied
grep: analysis/beamforming/music_aperture_0_vPolar_0.0_40.0.png: Permission denied
grep: analysis/beamforming/music_aperture_0_vPolar_10.0_40.0.png: Permission denied
grep: analysis/beamforming/music_aperture_0_vPolar_100.0_40.0.png: Permission denied
grep: analysis/beamforming/music_aperture_0_vPolar_110.0_40.0.png: Permission denied
grep: analysis/beamforming/music_aperture_0_vPolar_120.0_40.0.png: Permission denied
grep: analysis/beamforming/music_aperture_0_vPolar_130.0_40.0.png: Permission denied
grep: analysis/beamforming/music_aperture_0_vPolar_140.0_40.0.png: Permission denied
grep: analysis/beamforming/music_aperture_0_vPolar_150.0_40.0.png: Permission denied
grep: analysis/beamforming/music_aperture_0_vPolar_160.0_40.0.png: Permission denied
grep: analysis/beamforming/music_aperture_0_vPolar_170.0_40.0.png: Permission denied
grep: analysis/beamforming/music_aperture_0_vPolar_20.0_40.0.png: Permission denied
grep: analysis/beamforming/music_aperture_0_vPolar_30.0_40.0.png: Permission denied
grep: analysis/beamforming/music_aperture_0_vPolar_40.0_40.0.png: Permission denied
grep: analysis/beamforming/music_aperture_0_vPolar_50.0_40.0.png: Permission denied
grep: analysis/beamforming/music_aperture_0_vPolar_60.0_40.0.png: Permission denied
grep: analysis/beamforming/music_aperture_0_vPolar_70.0_40.0.png: Permission denied
grep: analysis/beamforming/music_aperture_0_vPolar_80.0_40.0.png: Permission denied
grep: analysis/beamforming/music_aperture_0_vPolar_90.0_40.0.png: Permission denied
grep: analysis/beamforming/planeWavesAbs.png: Permission denied
grep: analysis/beamforming/steeringVectors.py: Permission denied
grep: analysis/beamforming/steeringVectors.pyc: Permission denied
grep: analysis/beamforming/steeringVectorsWithAntenna.py: Permission denied
grep: analysis/beamforming/syntheticBeamformingWithPolarization.py: Permission denied
analysis/out.out:	beamforming/steeringVectorsWithAntenna.py
mm.out:grep: analysis/beamforming/steeringVectorsWithAntenna.py: Permission denied
out.out:analysis/out.out:	beamforming/steeringVectorsWithAntenna.py
